\BOOKMARK [0][-]{chapter.1}{背景介绍}{}% 1
\BOOKMARK [0][-]{chapter.2}{算法描述}{}% 2
\BOOKMARK [1][-]{section.2.1}{单纯形法}{chapter.2}% 3
\BOOKMARK [2][-]{subsection.2.1.1}{标准形式}{section.2.1}% 4
\BOOKMARK [2][-]{subsection.2.1.2}{松弛形式}{section.2.1}% 5
\BOOKMARK [2][-]{subsection.2.1.3}{转轴变换}{section.2.1}% 6
\BOOKMARK [2][-]{subsection.2.1.4}{最优化过程}{section.2.1}% 7
\BOOKMARK [2][-]{subsection.2.1.5}{Bland法则}{section.2.1}% 8
\BOOKMARK [1][-]{section.2.2}{分枝定界法}{chapter.2}% 9
\BOOKMARK [0][-]{chapter.3}{实现过程}{}% 10
\BOOKMARK [1][-]{section.3.1}{Parse}{chapter.3}% 11
\BOOKMARK [2][-]{subsection.3.1.1}{预处理}{section.3.1}% 12
\BOOKMARK [2][-]{subsection.3.1.2}{优化}{section.3.1}% 13
\BOOKMARK [2][-]{subsection.3.1.3}{工具函数}{section.3.1}% 14
\BOOKMARK [1][-]{section.3.2}{单纯形法}{chapter.3}% 15
\BOOKMARK [2][-]{subsection.3.2.1}{源代码分析}{section.3.2}% 16
\BOOKMARK [2][-]{subsection.3.2.2}{其他函数分析}{section.3.2}% 17
\BOOKMARK [1][-]{section.3.3}{分枝定界法}{chapter.3}% 18
\BOOKMARK [0][-]{chapter.4}{测试结果}{}% 19
\BOOKMARK [0][-]{chapter.5}{分析与评价}{}% 20
\BOOKMARK [1][-]{section.5.1}{时间复杂度}{chapter.5}% 21
\BOOKMARK [2][-]{subsection.5.1.1}{单纯形法}{section.5.1}% 22
\BOOKMARK [2][-]{subsection.5.1.2}{分枝定界法}{section.5.1}% 23
\BOOKMARK [1][-]{section.5.2}{空间复杂度}{chapter.5}% 24
\BOOKMARK [1][-]{section.5.3}{评价}{chapter.5}% 25
\BOOKMARK [0][-]{chapter.6}{总结}{}% 26
\BOOKMARK [0][-]{section*.2}{Appendices}{}% 27
\BOOKMARK [0][-]{Appendix.a.A}{源代码}{}% 28
\BOOKMARK [0][-]{Appendix.a.B}{声明与分工}{}% 29
